<?xml version="1.0" encoding="UTF-8"?>
<!-- Generated by org.testng.reporters.JUnitXMLReporter -->
<testsuite ignored="20" hostname="hemant" failures="0" tests="1" name="Default test" time="0.028" errors="0" timestamp="2022-02-21T23:52:02 IST">
  <testcase classname="ConsumerApp.ConsumerTest" name="@BeforeSuite initializeDriver" time="-1.645467722909E9">
    <failure type="org.testng.TestNGException" message="
Parameter &amp;apos;Runner&amp;apos; is required by BeforeSuite on method initializeDriver but has not been marked @Optional or defined
in /tmp/testng-eclipse-1523039603/testng-customsuite.xml">
      <![CDATA[org.testng.TestNGException: 
Parameter 'Runner' is required by BeforeSuite on method initializeDriver but has not been marked @Optional or defined
in /tmp/testng-eclipse-1523039603/testng-customsuite.xml
at org.testng.internal.Parameters.createParams(Parameters.java:270)
at org.testng.internal.Parameters.createParametersForMethod(Parameters.java:358)
at org.testng.internal.Parameters.createParameters(Parameters.java:700)
at org.testng.internal.Parameters.createConfigurationParameters(Parameters.java:168)
at org.testng.internal.ConfigInvoker.invokeConfigurations(ConfigInvoker.java:302)
at org.testng.SuiteRunner.privateRun(SuiteRunner.java:317)
at org.testng.SuiteRunner.run(SuiteRunner.java:276)
at org.testng.SuiteRunnerWorker.runSuite(SuiteRunnerWorker.java:53)
at org.testng.SuiteRunnerWorker.run(SuiteRunnerWorker.java:96)
at org.testng.TestNG.runSuitesSequentially(TestNG.java:1212)
at org.testng.TestNG.runSuitesLocally(TestNG.java:1134)
at org.testng.TestNG.runSuites(TestNG.java:1063)
at org.testng.TestNG.run(TestNG.java:1031)
at org.testng.remote.AbstractRemoteTestNG.run(AbstractRemoteTestNG.java:115)
at org.testng.remote.RemoteTestNG.initAndRun(RemoteTestNG.java:251)
at org.testng.remote.RemoteTestNG.main(RemoteTestNG.java:77)
]]>
    </failure>
  </testcase> <!-- @BeforeSuite initializeDriver -->
  <testcase classname="ConsumerApp.ConsumerTest" name="goTo" time="0.0">
    <skipped/>
  </testcase> <!-- goTo -->
  <testcase classname="ConsumerApp.ConsumerTest" name="vatPermit" time="0.0">
    <ignored/>
  </testcase> <!-- vatPermit -->
  <testcase classname="ConsumerApp.ConsumerTest" name="vatApprovalLocation" time="0.0">
    <ignored/>
  </testcase> <!-- vatApprovalLocation -->
  <testcase classname="ConsumerApp.ConsumerTest" name="vatNormalLocation" time="0.0">
    <ignored/>
  </testcase> <!-- vatNormalLocation -->
  <testcase classname="ConsumerApp.ConsumerTest" name="normalPermit" time="0.0">
    <ignored/>
  </testcase> <!-- normalPermit -->
  <testcase classname="ConsumerApp.ConsumerTest" name="normaLocation" time="0.0">
    <ignored/>
  </testcase> <!-- normaLocation -->
  <testcase classname="ConsumerApp.ConsumerTest" name="vatLocation" time="0.0">
    <ignored/>
  </testcase> <!-- vatLocation -->
  <testcase classname="ConsumerApp.ConsumerTest" name="vatConveniencelLocation" time="0.0">
    <ignored/>
  </testcase> <!-- vatConveniencelLocation -->
  <testcase classname="ConsumerApp.ConsumerTest" name="convenienceLocation" time="0.0">
    <ignored/>
  </testcase> <!-- convenienceLocation -->
  <testcase classname="ConsumerApp.ConsumerTest" name="home" time="0.0">
    <ignored/>
  </testcase> <!-- home -->
  <testcase classname="ConsumerApp.ConsumerTest" name="directDiscount" time="0.0">
    <ignored/>
  </testcase> <!-- directDiscount -->
  <testcase classname="ConsumerApp.ConsumerTest" name="conveniencePermit" time="0.0">
    <ignored/>
  </testcase> <!-- conveniencePermit -->
  <testcase classname="ConsumerApp.ConsumerTest" name="discountApprovalLocation" time="0.0">
    <ignored/>
  </testcase> <!-- discountApprovalLocation -->
  <testcase classname="ConsumerApp.ConsumerTest" name="Profile" time="0.0">
    <ignored/>
  </testcase> <!-- Profile -->
  <testcase classname="ConsumerApp.ConsumerTest" name="vatApproval" time="0.0">
    <ignored/>
  </testcase> <!-- vatApproval -->
  <testcase classname="ConsumerApp.ConsumerTest" name="gotoUrl" time="0.0">
    <ignored/>
  </testcase> <!-- gotoUrl -->
  <testcase classname="ConsumerApp.ConsumerTest" name="login" time="0.0">
    <ignored/>
  </testcase> <!-- login -->
  <testcase classname="ConsumerApp.ConsumerTest" name="convenienceApproval" time="0.0">
    <ignored/>
  </testcase> <!-- convenienceApproval -->
  <testcase classname="ConsumerApp.ConsumerTest" name="normalApproval" time="0.0">
    <ignored/>
  </testcase> <!-- normalApproval -->
  <testcase classname="ConsumerApp.ConsumerTest" name="discountDirectLocation" time="0.0">
    <ignored/>
  </testcase> <!-- discountDirectLocation -->
  <testcase classname="ConsumerApp.ConsumerTest" name="discountApproval" time="0.0">
    <ignored/>
  </testcase> <!-- discountApproval -->
</testsuite> <!-- Default test -->
