<?xml version="1.0" encoding="UTF-8"?>
<!-- Generated by org.testng.reporters.JUnitXMLReporter -->
<testsuite ignored="19" hostname="streamcipher" failures="0" tests="1" name="Runner" time="0.511" errors="0" timestamp="2022-03-28T11:05:51 IST">
  <testcase classname="ConsumerApp.ConsumerTest" name="@BeforeSuite initializeDriver" time="-1.648445750955E9">
    <failure type="org.testng.TestNGException" message="
Parameter &amp;apos;Runner&amp;apos; is required by BeforeSuite on method initializeDriver but has not been marked @Optional or defined
in /home/amit/3_GMP/gmp/github_code/app-automation/hemant wala code/ConsumerWebApp.xml">
      <![CDATA[org.testng.TestNGException: 
Parameter 'Runner' is required by BeforeSuite on method initializeDriver but has not been marked @Optional or defined
in /home/amit/3_GMP/gmp/github_code/app-automation/hemant wala code/ConsumerWebApp.xml
... Removed 16 stack frames]]>
    </failure>
  </testcase> <!-- @BeforeSuite initializeDriver -->
  <testcase classname="ConsumerApp.ConsumerTest" name="login" time="0.0">
    <skipped/>
  </testcase> <!-- login -->
  <testcase classname="ConsumerApp.ConsumerTest" name="goTo" time="0.0">
    <ignored/>
  </testcase> <!-- goTo -->
  <testcase classname="ConsumerApp.ConsumerTest" name="vatPermit" time="0.0">
    <ignored/>
  </testcase> <!-- vatPermit -->
  <testcase classname="ConsumerApp.ConsumerTest" name="vatApprovalLocation" time="0.0">
    <ignored/>
  </testcase> <!-- vatApprovalLocation -->
  <testcase classname="ConsumerApp.ConsumerTest" name="normalPermit" time="0.0">
    <ignored/>
  </testcase> <!-- normalPermit -->
  <testcase classname="ConsumerApp.ConsumerTest" name="normaLocation" time="0.0">
    <ignored/>
  </testcase> <!-- normaLocation -->
  <testcase classname="ConsumerApp.ConsumerTest" name="autoPermit" time="0.0">
    <ignored/>
  </testcase> <!-- autoPermit -->
  <testcase classname="ConsumerApp.ConsumerTest" name="addVechile" time="0.0">
    <ignored/>
  </testcase> <!-- addVechile -->
  <testcase classname="ConsumerApp.ConsumerTest" name="vatLocation" time="0.0">
    <ignored/>
  </testcase> <!-- vatLocation -->
  <testcase classname="ConsumerApp.ConsumerTest" name="autoLocation" time="0.0">
    <ignored/>
  </testcase> <!-- autoLocation -->
  <testcase classname="ConsumerApp.ConsumerTest" name="vatConveniencelLocation" time="0.0">
    <ignored/>
  </testcase> <!-- vatConveniencelLocation -->
  <testcase classname="ConsumerApp.ConsumerTest" name="convenienceLocation" time="0.0">
    <ignored/>
  </testcase> <!-- convenienceLocation -->
  <testcase classname="ConsumerApp.ConsumerTest" name="home" time="0.0">
    <ignored/>
  </testcase> <!-- home -->
  <testcase classname="ConsumerApp.ConsumerTest" name="normalLocation" time="0.0">
    <ignored/>
  </testcase> <!-- normalLocation -->
  <testcase classname="ConsumerApp.ConsumerTest" name="conveniencePermit" time="0.0">
    <ignored/>
  </testcase> <!-- conveniencePermit -->
  <testcase classname="ConsumerApp.ConsumerTest" name="Profile" time="0.0">
    <ignored/>
  </testcase> <!-- Profile -->
  <testcase classname="ConsumerApp.ConsumerTest" name="vatApproval" time="0.0">
    <ignored/>
  </testcase> <!-- vatApproval -->
  <testcase classname="ConsumerApp.ConsumerTest" name="gotoUrl" time="0.0">
    <ignored/>
  </testcase> <!-- gotoUrl -->
  <testcase classname="ConsumerApp.ConsumerTest" name="convenienceApproval" time="0.0">
    <ignored/>
  </testcase> <!-- convenienceApproval -->
  <testcase classname="ConsumerApp.ConsumerTest" name="normalApproval" time="0.0">
    <ignored/>
  </testcase> <!-- normalApproval -->
</testsuite> <!-- Runner -->
